ERROR - 2024-04-22 22:23:06 --> Error connecting to the database: mysqli_sql_exception: No se puede establecer una conexión ya que el equipo de destino denegó expresamente dicha conexión in C:\xampp\htdocs\gym-backend\system\Database\MySQLi\Connection.php:186
Stack trace:
#0 C:\xampp\htdocs\gym-backend\system\Database\MySQLi\Connection.php(186): mysqli->real_connect('localhost', 'root', Object(SensitiveParameterValue), 'gimnasio', 33066, '', 0)
#1 C:\xampp\htdocs\gym-backend\system\Database\BaseConnection.php(420): CodeIgniter\Database\MySQLi\Connection->connect(false)
#2 C:\xampp\htdocs\gym-backend\system\Database\BaseConnection.php(603): CodeIgniter\Database\BaseConnection->initialize()
#3 C:\xampp\htdocs\gym-backend\system\Database\BaseBuilder.php(1629): CodeIgniter\Database\BaseConnection->query('SELECT *\nFROM `...', Array, false)
#4 C:\xampp\htdocs\gym-backend\system\Model.php(274): CodeIgniter\Database\BaseBuilder->get()
#5 C:\xampp\htdocs\gym-backend\system\BaseModel.php(676): CodeIgniter\Model->doFindAll(0, 0)
#6 C:\xampp\htdocs\gym-backend\app\Controllers\C_Users.php(15): CodeIgniter\BaseModel->findAll()
#7 C:\xampp\htdocs\gym-backend\system\CodeIgniter.php(933): App\Controllers\C_Users->index()
#8 C:\xampp\htdocs\gym-backend\system\CodeIgniter.php(509): CodeIgniter\CodeIgniter->runController(Object(App\Controllers\C_Users))
#9 C:\xampp\htdocs\gym-backend\system\CodeIgniter.php(355): CodeIgniter\CodeIgniter->handleRequest(NULL, Object(Config\Cache), false)
#10 C:\xampp\htdocs\gym-backend\system\Boot.php(312): CodeIgniter\CodeIgniter->run()
#11 C:\xampp\htdocs\gym-backend\system\Boot.php(67): CodeIgniter\Boot::runCodeIgniter(Object(CodeIgniter\CodeIgniter))
#12 C:\xampp\htdocs\gym-backend\public\index.php(56): CodeIgniter\Boot::bootWeb(Object(Config\Paths))
#13 {main}

Next CodeIgniter\Database\Exceptions\DatabaseException: No se puede establecer una conexión ya que el equipo de destino denegó expresamente dicha conexión in C:\xampp\htdocs\gym-backend\system\Database\MySQLi\Connection.php:231
Stack trace:
#0 C:\xampp\htdocs\gym-backend\system\Database\BaseConnection.php(420): CodeIgniter\Database\MySQLi\Connection->connect(false)
#1 C:\xampp\htdocs\gym-backend\system\Database\BaseConnection.php(603): CodeIgniter\Database\BaseConnection->initialize()
#2 C:\xampp\htdocs\gym-backend\system\Database\BaseBuilder.php(1629): CodeIgniter\Database\BaseConnection->query('SELECT *\nFROM `...', Array, false)
#3 C:\xampp\htdocs\gym-backend\system\Model.php(274): CodeIgniter\Database\BaseBuilder->get()
#4 C:\xampp\htdocs\gym-backend\system\BaseModel.php(676): CodeIgniter\Model->doFindAll(0, 0)
#5 C:\xampp\htdocs\gym-backend\app\Controllers\C_Users.php(15): CodeIgniter\BaseModel->findAll()
#6 C:\xampp\htdocs\gym-backend\system\CodeIgniter.php(933): App\Controllers\C_Users->index()
#7 C:\xampp\htdocs\gym-backend\system\CodeIgniter.php(509): CodeIgniter\CodeIgniter->runController(Object(App\Controllers\C_Users))
#8 C:\xampp\htdocs\gym-backend\system\CodeIgniter.php(355): CodeIgniter\CodeIgniter->handleRequest(NULL, Object(Config\Cache), false)
#9 C:\xampp\htdocs\gym-backend\system\Boot.php(312): CodeIgniter\CodeIgniter->run()
#10 C:\xampp\htdocs\gym-backend\system\Boot.php(67): CodeIgniter\Boot::runCodeIgniter(Object(CodeIgniter\CodeIgniter))
#11 C:\xampp\htdocs\gym-backend\public\index.php(56): CodeIgniter\Boot::bootWeb(Object(Config\Paths))
#12 {main}
CRITICAL - 2024-04-22 22:23:06 --> CodeIgniter\Database\Exceptions\DatabaseException: Unable to connect to the database.
Main connection [MySQLi]: No se puede establecer una conexión ya que el equipo de destino denegó expresamente dicha conexión
[Method: GET, Route: usuarios]
in SYSTEMPATH\Database\BaseConnection.php on line 456.
 1 SYSTEMPATH\Database\BaseConnection.php(603): CodeIgniter\Database\BaseConnection->initialize()
 2 SYSTEMPATH\Database\BaseBuilder.php(1629): CodeIgniter\Database\BaseConnection->query('SELECT *
FROM `usuarios`', [], false)
 3 SYSTEMPATH\Model.php(274): CodeIgniter\Database\BaseBuilder->get()
 4 SYSTEMPATH\BaseModel.php(676): CodeIgniter\Model->doFindAll(0, 0)
 5 APPPATH\Controllers\C_Users.php(15): CodeIgniter\BaseModel->findAll()
 6 SYSTEMPATH\CodeIgniter.php(933): App\Controllers\C_Users->index()
 7 SYSTEMPATH\CodeIgniter.php(509): CodeIgniter\CodeIgniter->runController(Object(App\Controllers\C_Users))
 8 SYSTEMPATH\CodeIgniter.php(355): CodeIgniter\CodeIgniter->handleRequest(null, Object(Config\Cache), false)
 9 SYSTEMPATH\Boot.php(312): CodeIgniter\CodeIgniter->run()
10 SYSTEMPATH\Boot.php(67): CodeIgniter\Boot::runCodeIgniter(Object(CodeIgniter\CodeIgniter))
11 FCPATH\index.php(56): CodeIgniter\Boot::bootWeb(Object(Config\Paths))
ERROR - 2024-04-22 22:23:09 --> Error connecting to the database: mysqli_sql_exception: No se puede establecer una conexión ya que el equipo de destino denegó expresamente dicha conexión in C:\xampp\htdocs\gym-backend\system\Database\MySQLi\Connection.php:186
Stack trace:
#0 C:\xampp\htdocs\gym-backend\system\Database\MySQLi\Connection.php(186): mysqli->real_connect('localhost', 'root', Object(SensitiveParameterValue), 'gimnasio', 33066, '', 0)
#1 C:\xampp\htdocs\gym-backend\system\Database\BaseConnection.php(420): CodeIgniter\Database\MySQLi\Connection->connect(false)
#2 C:\xampp\htdocs\gym-backend\system\Database\BaseConnection.php(603): CodeIgniter\Database\BaseConnection->initialize()
#3 C:\xampp\htdocs\gym-backend\system\Database\BaseBuilder.php(1629): CodeIgniter\Database\BaseConnection->query('SELECT *\nFROM `...', Array, false)
#4 C:\xampp\htdocs\gym-backend\system\Model.php(274): CodeIgniter\Database\BaseBuilder->get()
#5 C:\xampp\htdocs\gym-backend\system\BaseModel.php(676): CodeIgniter\Model->doFindAll(0, 0)
#6 C:\xampp\htdocs\gym-backend\app\Controllers\C_Users.php(15): CodeIgniter\BaseModel->findAll()
#7 C:\xampp\htdocs\gym-backend\system\CodeIgniter.php(933): App\Controllers\C_Users->index()
#8 C:\xampp\htdocs\gym-backend\system\CodeIgniter.php(509): CodeIgniter\CodeIgniter->runController(Object(App\Controllers\C_Users))
#9 C:\xampp\htdocs\gym-backend\system\CodeIgniter.php(355): CodeIgniter\CodeIgniter->handleRequest(NULL, Object(Config\Cache), false)
#10 C:\xampp\htdocs\gym-backend\system\Boot.php(312): CodeIgniter\CodeIgniter->run()
#11 C:\xampp\htdocs\gym-backend\system\Boot.php(67): CodeIgniter\Boot::runCodeIgniter(Object(CodeIgniter\CodeIgniter))
#12 C:\xampp\htdocs\gym-backend\public\index.php(56): CodeIgniter\Boot::bootWeb(Object(Config\Paths))
#13 {main}

Next CodeIgniter\Database\Exceptions\DatabaseException: No se puede establecer una conexión ya que el equipo de destino denegó expresamente dicha conexión in C:\xampp\htdocs\gym-backend\system\Database\MySQLi\Connection.php:231
Stack trace:
#0 C:\xampp\htdocs\gym-backend\system\Database\BaseConnection.php(420): CodeIgniter\Database\MySQLi\Connection->connect(false)
#1 C:\xampp\htdocs\gym-backend\system\Database\BaseConnection.php(603): CodeIgniter\Database\BaseConnection->initialize()
#2 C:\xampp\htdocs\gym-backend\system\Database\BaseBuilder.php(1629): CodeIgniter\Database\BaseConnection->query('SELECT *\nFROM `...', Array, false)
#3 C:\xampp\htdocs\gym-backend\system\Model.php(274): CodeIgniter\Database\BaseBuilder->get()
#4 C:\xampp\htdocs\gym-backend\system\BaseModel.php(676): CodeIgniter\Model->doFindAll(0, 0)
#5 C:\xampp\htdocs\gym-backend\app\Controllers\C_Users.php(15): CodeIgniter\BaseModel->findAll()
#6 C:\xampp\htdocs\gym-backend\system\CodeIgniter.php(933): App\Controllers\C_Users->index()
#7 C:\xampp\htdocs\gym-backend\system\CodeIgniter.php(509): CodeIgniter\CodeIgniter->runController(Object(App\Controllers\C_Users))
#8 C:\xampp\htdocs\gym-backend\system\CodeIgniter.php(355): CodeIgniter\CodeIgniter->handleRequest(NULL, Object(Config\Cache), false)
#9 C:\xampp\htdocs\gym-backend\system\Boot.php(312): CodeIgniter\CodeIgniter->run()
#10 C:\xampp\htdocs\gym-backend\system\Boot.php(67): CodeIgniter\Boot::runCodeIgniter(Object(CodeIgniter\CodeIgniter))
#11 C:\xampp\htdocs\gym-backend\public\index.php(56): CodeIgniter\Boot::bootWeb(Object(Config\Paths))
#12 {main}
CRITICAL - 2024-04-22 22:23:09 --> CodeIgniter\Database\Exceptions\DatabaseException: Unable to connect to the database.
Main connection [MySQLi]: No se puede establecer una conexión ya que el equipo de destino denegó expresamente dicha conexión
[Method: GET, Route: usuarios]
in SYSTEMPATH\Database\BaseConnection.php on line 456.
 1 SYSTEMPATH\Database\BaseConnection.php(603): CodeIgniter\Database\BaseConnection->initialize()
 2 SYSTEMPATH\Database\BaseBuilder.php(1629): CodeIgniter\Database\BaseConnection->query('SELECT *
FROM `usuarios`', [], false)
 3 SYSTEMPATH\Model.php(274): CodeIgniter\Database\BaseBuilder->get()
 4 SYSTEMPATH\BaseModel.php(676): CodeIgniter\Model->doFindAll(0, 0)
 5 APPPATH\Controllers\C_Users.php(15): CodeIgniter\BaseModel->findAll()
 6 SYSTEMPATH\CodeIgniter.php(933): App\Controllers\C_Users->index()
 7 SYSTEMPATH\CodeIgniter.php(509): CodeIgniter\CodeIgniter->runController(Object(App\Controllers\C_Users))
 8 SYSTEMPATH\CodeIgniter.php(355): CodeIgniter\CodeIgniter->handleRequest(null, Object(Config\Cache), false)
 9 SYSTEMPATH\Boot.php(312): CodeIgniter\CodeIgniter->run()
10 SYSTEMPATH\Boot.php(67): CodeIgniter\Boot::runCodeIgniter(Object(CodeIgniter\CodeIgniter))
11 FCPATH\index.php(56): CodeIgniter\Boot::bootWeb(Object(Config\Paths))
ERROR - 2024-04-22 22:23:11 --> Error connecting to the database: mysqli_sql_exception: No se puede establecer una conexión ya que el equipo de destino denegó expresamente dicha conexión in C:\xampp\htdocs\gym-backend\system\Database\MySQLi\Connection.php:186
Stack trace:
#0 C:\xampp\htdocs\gym-backend\system\Database\MySQLi\Connection.php(186): mysqli->real_connect('localhost', 'root', Object(SensitiveParameterValue), 'gimnasio', 33066, '', 0)
#1 C:\xampp\htdocs\gym-backend\system\Database\BaseConnection.php(420): CodeIgniter\Database\MySQLi\Connection->connect(false)
#2 C:\xampp\htdocs\gym-backend\system\Database\BaseConnection.php(603): CodeIgniter\Database\BaseConnection->initialize()
#3 C:\xampp\htdocs\gym-backend\system\Database\BaseBuilder.php(1629): CodeIgniter\Database\BaseConnection->query('SELECT *\nFROM `...', Array, false)
#4 C:\xampp\htdocs\gym-backend\system\Model.php(274): CodeIgniter\Database\BaseBuilder->get()
#5 C:\xampp\htdocs\gym-backend\system\BaseModel.php(676): CodeIgniter\Model->doFindAll(0, 0)
#6 C:\xampp\htdocs\gym-backend\app\Controllers\C_Users.php(15): CodeIgniter\BaseModel->findAll()
#7 C:\xampp\htdocs\gym-backend\system\CodeIgniter.php(933): App\Controllers\C_Users->index()
#8 C:\xampp\htdocs\gym-backend\system\CodeIgniter.php(509): CodeIgniter\CodeIgniter->runController(Object(App\Controllers\C_Users))
#9 C:\xampp\htdocs\gym-backend\system\CodeIgniter.php(355): CodeIgniter\CodeIgniter->handleRequest(NULL, Object(Config\Cache), false)
#10 C:\xampp\htdocs\gym-backend\system\Boot.php(312): CodeIgniter\CodeIgniter->run()
#11 C:\xampp\htdocs\gym-backend\system\Boot.php(67): CodeIgniter\Boot::runCodeIgniter(Object(CodeIgniter\CodeIgniter))
#12 C:\xampp\htdocs\gym-backend\public\index.php(56): CodeIgniter\Boot::bootWeb(Object(Config\Paths))
#13 {main}

Next CodeIgniter\Database\Exceptions\DatabaseException: No se puede establecer una conexión ya que el equipo de destino denegó expresamente dicha conexión in C:\xampp\htdocs\gym-backend\system\Database\MySQLi\Connection.php:231
Stack trace:
#0 C:\xampp\htdocs\gym-backend\system\Database\BaseConnection.php(420): CodeIgniter\Database\MySQLi\Connection->connect(false)
#1 C:\xampp\htdocs\gym-backend\system\Database\BaseConnection.php(603): CodeIgniter\Database\BaseConnection->initialize()
#2 C:\xampp\htdocs\gym-backend\system\Database\BaseBuilder.php(1629): CodeIgniter\Database\BaseConnection->query('SELECT *\nFROM `...', Array, false)
#3 C:\xampp\htdocs\gym-backend\system\Model.php(274): CodeIgniter\Database\BaseBuilder->get()
#4 C:\xampp\htdocs\gym-backend\system\BaseModel.php(676): CodeIgniter\Model->doFindAll(0, 0)
#5 C:\xampp\htdocs\gym-backend\app\Controllers\C_Users.php(15): CodeIgniter\BaseModel->findAll()
#6 C:\xampp\htdocs\gym-backend\system\CodeIgniter.php(933): App\Controllers\C_Users->index()
#7 C:\xampp\htdocs\gym-backend\system\CodeIgniter.php(509): CodeIgniter\CodeIgniter->runController(Object(App\Controllers\C_Users))
#8 C:\xampp\htdocs\gym-backend\system\CodeIgniter.php(355): CodeIgniter\CodeIgniter->handleRequest(NULL, Object(Config\Cache), false)
#9 C:\xampp\htdocs\gym-backend\system\Boot.php(312): CodeIgniter\CodeIgniter->run()
#10 C:\xampp\htdocs\gym-backend\system\Boot.php(67): CodeIgniter\Boot::runCodeIgniter(Object(CodeIgniter\CodeIgniter))
#11 C:\xampp\htdocs\gym-backend\public\index.php(56): CodeIgniter\Boot::bootWeb(Object(Config\Paths))
#12 {main}
CRITICAL - 2024-04-22 22:23:11 --> CodeIgniter\Database\Exceptions\DatabaseException: Unable to connect to the database.
Main connection [MySQLi]: No se puede establecer una conexión ya que el equipo de destino denegó expresamente dicha conexión
[Method: GET, Route: usuarios]
in SYSTEMPATH\Database\BaseConnection.php on line 456.
 1 SYSTEMPATH\Database\BaseConnection.php(603): CodeIgniter\Database\BaseConnection->initialize()
 2 SYSTEMPATH\Database\BaseBuilder.php(1629): CodeIgniter\Database\BaseConnection->query('SELECT *
FROM `usuarios`', [], false)
 3 SYSTEMPATH\Model.php(274): CodeIgniter\Database\BaseBuilder->get()
 4 SYSTEMPATH\BaseModel.php(676): CodeIgniter\Model->doFindAll(0, 0)
 5 APPPATH\Controllers\C_Users.php(15): CodeIgniter\BaseModel->findAll()
 6 SYSTEMPATH\CodeIgniter.php(933): App\Controllers\C_Users->index()
 7 SYSTEMPATH\CodeIgniter.php(509): CodeIgniter\CodeIgniter->runController(Object(App\Controllers\C_Users))
 8 SYSTEMPATH\CodeIgniter.php(355): CodeIgniter\CodeIgniter->handleRequest(null, Object(Config\Cache), false)
 9 SYSTEMPATH\Boot.php(312): CodeIgniter\CodeIgniter->run()
10 SYSTEMPATH\Boot.php(67): CodeIgniter\Boot::runCodeIgniter(Object(CodeIgniter\CodeIgniter))
11 FCPATH\index.php(56): CodeIgniter\Boot::bootWeb(Object(Config\Paths))
CRITICAL - 2024-04-22 22:31:49 --> ErrorException: Cannot redeclare App\Models\M_Users::$primaryKey
[Method: GET, Route: usuarios]
in APPPATH\Models\M_Users.php on line 11.
 1 [internal function]: CodeIgniter\Debug\Exceptions->shutdownHandler()
CRITICAL - 2024-04-22 22:31:51 --> ErrorException: Cannot redeclare App\Models\M_Users::$primaryKey
[Method: GET, Route: usuarios]
in APPPATH\Models\M_Users.php on line 11.
 1 [internal function]: CodeIgniter\Debug\Exceptions->shutdownHandler()
CRITICAL - 2024-04-22 22:31:51 --> ErrorException: Cannot redeclare App\Models\M_Users::$primaryKey
[Method: GET, Route: usuarios]
in APPPATH\Models\M_Users.php on line 11.
 1 [internal function]: CodeIgniter\Debug\Exceptions->shutdownHandler()
CRITICAL - 2024-04-22 22:31:59 --> ErrorException: Cannot redeclare App\Models\M_Users::$primaryKey
[Method: GET, Route: usuarios]
in APPPATH\Models\M_Users.php on line 11.
 1 [internal function]: CodeIgniter\Debug\Exceptions->shutdownHandler()
CRITICAL - 2024-04-22 22:32:24 --> ErrorException: Cannot redeclare App\Models\M_Users::$primaryKey
[Method: GET, Route: usuarios]
in APPPATH\Models\M_Users.php on line 11.
 1 [internal function]: CodeIgniter\Debug\Exceptions->shutdownHandler()
CRITICAL - 2024-04-22 22:32:24 --> ErrorException: Cannot redeclare App\Models\M_Users::$primaryKey
[Method: GET, Route: usuarios]
in APPPATH\Models\M_Users.php on line 11.
 1 [internal function]: CodeIgniter\Debug\Exceptions->shutdownHandler()
CRITICAL - 2024-04-22 22:52:13 --> ErrorException: Cannot redeclare App\Models\M_Users::$primaryKey
[Method: GET, Route: usuarios]
in APPPATH\Models\M_Users.php on line 11.
 1 [internal function]: CodeIgniter\Debug\Exceptions->shutdownHandler()
CRITICAL - 2024-04-22 22:52:25 --> ErrorException: Cannot redeclare App\Models\M_Users::$primaryKey
[Method: GET, Route: usuarios]
in APPPATH\Models\M_Users.php on line 11.
 1 [internal function]: CodeIgniter\Debug\Exceptions->shutdownHandler()
CRITICAL - 2024-04-22 22:52:59 --> ErrorException: Cannot redeclare App\Models\M_Users::$primaryKey
[Method: GET, Route: usuarios]
in APPPATH\Models\M_Users.php on line 11.
 1 [internal function]: CodeIgniter\Debug\Exceptions->shutdownHandler()
CRITICAL - 2024-04-22 22:59:53 --> ErrorException: Cannot redeclare App\Models\M_Users::$primaryKey
[Method: GET, Route: usuarios]
in APPPATH\Models\M_Users.php on line 11.
 1 [internal function]: CodeIgniter\Debug\Exceptions->shutdownHandler()
CRITICAL - 2024-04-22 22:59:54 --> ErrorException: Cannot redeclare App\Models\M_Users::$primaryKey
[Method: GET, Route: usuarios]
in APPPATH\Models\M_Users.php on line 11.
 1 [internal function]: CodeIgniter\Debug\Exceptions->shutdownHandler()
CRITICAL - 2024-04-22 22:59:55 --> ErrorException: Cannot redeclare App\Models\M_Users::$primaryKey
[Method: GET, Route: usuarios]
in APPPATH\Models\M_Users.php on line 11.
 1 [internal function]: CodeIgniter\Debug\Exceptions->shutdownHandler()
CRITICAL - 2024-04-22 23:00:41 --> ErrorException: Cannot redeclare App\Models\M_Users::$primaryKey
[Method: GET, Route: usuarios]
in APPPATH\Models\M_Users.php on line 11.
 1 [internal function]: CodeIgniter\Debug\Exceptions->shutdownHandler()
CRITICAL - 2024-04-22 23:01:26 --> ErrorException: Cannot redeclare App\Models\M_Users::$primaryKey
[Method: GET, Route: usuarios]
in APPPATH\Models\M_Users.php on line 11.
 1 [internal function]: CodeIgniter\Debug\Exceptions->shutdownHandler()
CRITICAL - 2024-04-22 23:01:27 --> ErrorException: Cannot redeclare App\Models\M_Users::$primaryKey
[Method: GET, Route: usuarios]
in APPPATH\Models\M_Users.php on line 11.
 1 [internal function]: CodeIgniter\Debug\Exceptions->shutdownHandler()
CRITICAL - 2024-04-22 23:02:35 --> ErrorException: Cannot redeclare App\Models\M_Users::$primaryKey
[Method: GET, Route: usuarios]
in APPPATH\Models\M_Users.php on line 11.
 1 [internal function]: CodeIgniter\Debug\Exceptions->shutdownHandler()
CRITICAL - 2024-04-22 23:02:42 --> ErrorException: Cannot redeclare App\Models\M_Users::$primaryKey
[Method: GET, Route: usuarios]
in APPPATH\Models\M_Users.php on line 11.
 1 [internal function]: CodeIgniter\Debug\Exceptions->shutdownHandler()
CRITICAL - 2024-04-22 23:02:42 --> ErrorException: Cannot redeclare App\Models\M_Users::$primaryKey
[Method: GET, Route: usuarios]
in APPPATH\Models\M_Users.php on line 11.
 1 [internal function]: CodeIgniter\Debug\Exceptions->shutdownHandler()
CRITICAL - 2024-04-22 23:03:24 --> ErrorException: Cannot redeclare App\Models\M_Users::$primaryKey
[Method: GET, Route: usuarios]
in APPPATH\Models\M_Users.php on line 11.
 1 [internal function]: CodeIgniter\Debug\Exceptions->shutdownHandler()
CRITICAL - 2024-04-22 23:03:25 --> ErrorException: Cannot redeclare App\Models\M_Users::$primaryKey
[Method: GET, Route: usuarios]
in APPPATH\Models\M_Users.php on line 11.
 1 [internal function]: CodeIgniter\Debug\Exceptions->shutdownHandler()
CRITICAL - 2024-04-22 23:03:25 --> ErrorException: Cannot redeclare App\Models\M_Users::$primaryKey
[Method: GET, Route: usuarios]
in APPPATH\Models\M_Users.php on line 11.
 1 [internal function]: CodeIgniter\Debug\Exceptions->shutdownHandler()
CRITICAL - 2024-04-22 23:04:24 --> ErrorException: Cannot redeclare App\Models\M_Users::$primaryKey
[Method: GET, Route: usuarios]
in APPPATH\Models\M_Users.php on line 11.
 1 [internal function]: CodeIgniter\Debug\Exceptions->shutdownHandler()
CRITICAL - 2024-04-22 23:04:24 --> ErrorException: Cannot redeclare App\Models\M_Users::$primaryKey
[Method: GET, Route: usuarios]
in APPPATH\Models\M_Users.php on line 11.
 1 [internal function]: CodeIgniter\Debug\Exceptions->shutdownHandler()
CRITICAL - 2024-04-22 23:04:25 --> ErrorException: Cannot redeclare App\Models\M_Users::$primaryKey
[Method: GET, Route: usuarios]
in APPPATH\Models\M_Users.php on line 11.
 1 [internal function]: CodeIgniter\Debug\Exceptions->shutdownHandler()
CRITICAL - 2024-04-22 23:04:27 --> ErrorException: Cannot redeclare App\Models\M_Users::$primaryKey
[Method: GET, Route: usuarios]
in APPPATH\Models\M_Users.php on line 11.
 1 [internal function]: CodeIgniter\Debug\Exceptions->shutdownHandler()
CRITICAL - 2024-04-22 23:12:40 --> ErrorException: Cannot redeclare App\Models\M_Users::$primaryKey
[Method: GET, Route: usuarios]
in APPPATH\Models\M_Users.php on line 11.
 1 [internal function]: CodeIgniter\Debug\Exceptions->shutdownHandler()
CRITICAL - 2024-04-22 23:13:01 --> ErrorException: Cannot redeclare App\Models\M_Users::$primaryKey
[Method: GET, Route: usuarios]
in APPPATH\Models\M_Users.php on line 11.
 1 [internal function]: CodeIgniter\Debug\Exceptions->shutdownHandler()
CRITICAL - 2024-04-22 23:13:05 --> ErrorException: Cannot redeclare App\Models\M_Users::$primaryKey
[Method: GET, Route: usuarios]
in APPPATH\Models\M_Users.php on line 11.
 1 [internal function]: CodeIgniter\Debug\Exceptions->shutdownHandler()
CRITICAL - 2024-04-22 23:15:35 --> ParseError: syntax error, unexpected token "public"
[Method: GET, Route: usuarios]
in APPPATH\Controllers\C_Users.php on line 33.
 1 SYSTEMPATH\Autoloader\Autoloader.php(296): CodeIgniter\Autoloader\Autoloader->includeFile('C:\\xampp\\htdocs\\gym-backend\\app\\Controllers\\C_Users.php')
 2 SYSTEMPATH\Autoloader\Autoloader.php(272): CodeIgniter\Autoloader\Autoloader->loadInNamespace('App\\Controllers\\C_Users')
 3 [internal function]: CodeIgniter\Autoloader\Autoloader->loadClass('App\\Controllers\\C_Users')
 4 SYSTEMPATH\CodeIgniter.php(887): class_exists('\\App\\Controllers\\C_Users', true)
 5 SYSTEMPATH\CodeIgniter.php(496): CodeIgniter\CodeIgniter->startController()
 6 SYSTEMPATH\CodeIgniter.php(355): CodeIgniter\CodeIgniter->handleRequest(null, Object(Config\Cache), false)
 7 SYSTEMPATH\Boot.php(312): CodeIgniter\CodeIgniter->run()
 8 SYSTEMPATH\Boot.php(67): CodeIgniter\Boot::runCodeIgniter(Object(CodeIgniter\CodeIgniter))
 9 FCPATH\index.php(56): CodeIgniter\Boot::bootWeb(Object(Config\Paths))
CRITICAL - 2024-04-22 23:15:36 --> ParseError: syntax error, unexpected token "public"
[Method: GET, Route: usuarios]
in APPPATH\Controllers\C_Users.php on line 33.
 1 SYSTEMPATH\Autoloader\Autoloader.php(296): CodeIgniter\Autoloader\Autoloader->includeFile('C:\\xampp\\htdocs\\gym-backend\\app\\Controllers\\C_Users.php')
 2 SYSTEMPATH\Autoloader\Autoloader.php(272): CodeIgniter\Autoloader\Autoloader->loadInNamespace('App\\Controllers\\C_Users')
 3 [internal function]: CodeIgniter\Autoloader\Autoloader->loadClass('App\\Controllers\\C_Users')
 4 SYSTEMPATH\CodeIgniter.php(887): class_exists('\\App\\Controllers\\C_Users', true)
 5 SYSTEMPATH\CodeIgniter.php(496): CodeIgniter\CodeIgniter->startController()
 6 SYSTEMPATH\CodeIgniter.php(355): CodeIgniter\CodeIgniter->handleRequest(null, Object(Config\Cache), false)
 7 SYSTEMPATH\Boot.php(312): CodeIgniter\CodeIgniter->run()
 8 SYSTEMPATH\Boot.php(67): CodeIgniter\Boot::runCodeIgniter(Object(CodeIgniter\CodeIgniter))
 9 FCPATH\index.php(56): CodeIgniter\Boot::bootWeb(Object(Config\Paths))
CRITICAL - 2024-04-22 23:15:37 --> ParseError: syntax error, unexpected token "public"
[Method: GET, Route: usuarios]
in APPPATH\Controllers\C_Users.php on line 33.
 1 SYSTEMPATH\Autoloader\Autoloader.php(296): CodeIgniter\Autoloader\Autoloader->includeFile('C:\\xampp\\htdocs\\gym-backend\\app\\Controllers\\C_Users.php')
 2 SYSTEMPATH\Autoloader\Autoloader.php(272): CodeIgniter\Autoloader\Autoloader->loadInNamespace('App\\Controllers\\C_Users')
 3 [internal function]: CodeIgniter\Autoloader\Autoloader->loadClass('App\\Controllers\\C_Users')
 4 SYSTEMPATH\CodeIgniter.php(887): class_exists('\\App\\Controllers\\C_Users', true)
 5 SYSTEMPATH\CodeIgniter.php(496): CodeIgniter\CodeIgniter->startController()
 6 SYSTEMPATH\CodeIgniter.php(355): CodeIgniter\CodeIgniter->handleRequest(null, Object(Config\Cache), false)
 7 SYSTEMPATH\Boot.php(312): CodeIgniter\CodeIgniter->run()
 8 SYSTEMPATH\Boot.php(67): CodeIgniter\Boot::runCodeIgniter(Object(CodeIgniter\CodeIgniter))
 9 FCPATH\index.php(56): CodeIgniter\Boot::bootWeb(Object(Config\Paths))
CRITICAL - 2024-04-22 23:17:27 --> ErrorException: Cannot redeclare App\Models\M_Users::$primaryKey
[Method: GET, Route: usuarios]
in APPPATH\Models\M_Users.php on line 11.
 1 [internal function]: CodeIgniter\Debug\Exceptions->shutdownHandler()
CRITICAL - 2024-04-22 23:17:28 --> ErrorException: Cannot redeclare App\Models\M_Users::$primaryKey
[Method: GET, Route: usuarios]
in APPPATH\Models\M_Users.php on line 11.
 1 [internal function]: CodeIgniter\Debug\Exceptions->shutdownHandler()
CRITICAL - 2024-04-22 23:17:43 --> ErrorException: Cannot redeclare App\Models\M_Users::$primaryKey
[Method: GET, Route: usuarios]
in APPPATH\Models\M_Users.php on line 11.
 1 [internal function]: CodeIgniter\Debug\Exceptions->shutdownHandler()
CRITICAL - 2024-04-22 23:26:14 --> ErrorException: Cannot redeclare App\Models\M_Users::$primaryKey
[Method: GET, Route: usuarios]
in APPPATH\Models\M_Users.php on line 11.
 1 [internal function]: CodeIgniter\Debug\Exceptions->shutdownHandler()
CRITICAL - 2024-04-22 23:26:40 --> ErrorException: Cannot redeclare App\Models\M_Users::$primaryKey
[Method: GET, Route: usuarios]
in APPPATH\Models\M_Users.php on line 11.
 1 [internal function]: CodeIgniter\Debug\Exceptions->shutdownHandler()
CRITICAL - 2024-04-22 23:38:59 --> ErrorException: Cannot redeclare App\Models\M_Users::$primaryKey
[Method: GET, Route: usuarios]
in APPPATH\Models\M_Users.php on line 11.
 1 [internal function]: CodeIgniter\Debug\Exceptions->shutdownHandler()
CRITICAL - 2024-04-22 23:38:59 --> ErrorException: Cannot redeclare App\Models\M_Users::$primaryKey
[Method: GET, Route: usuarios]
in APPPATH\Models\M_Users.php on line 11.
 1 [internal function]: CodeIgniter\Debug\Exceptions->shutdownHandler()
