CRITICAL - 2024-05-04 23:10:55 --> Error: Class "App\Filters\Cors" not found
[Method: GET, Route: tipocontacto/2]
in SYSTEMPATH\Filters\Filters.php on line 197.
 1 SYSTEMPATH\Filters\Filters.php(184): CodeIgniter\Filters\Filters->runBefore([...])
 2 SYSTEMPATH\CodeIgniter.php(481): CodeIgniter\Filters\Filters->run('tipocontacto/2', 'before')
 3 SYSTEMPATH\CodeIgniter.php(355): CodeIgniter\CodeIgniter->handleRequest(null, Object(Config\Cache), false)
 4 SYSTEMPATH\Boot.php(312): CodeIgniter\CodeIgniter->run()
 5 SYSTEMPATH\Boot.php(67): CodeIgniter\Boot::runCodeIgniter(Object(CodeIgniter\CodeIgniter))
 6 FCPATH\index.php(56): CodeIgniter\Boot::bootWeb(Object(Config\Paths))
CRITICAL - 2024-05-04 23:17:30 --> Error: Class "App\Filters\Cors" not found
[Method: GET, Route: tipocontacto]
in SYSTEMPATH\Filters\Filters.php on line 197.
 1 SYSTEMPATH\Filters\Filters.php(184): CodeIgniter\Filters\Filters->runBefore([...])
 2 SYSTEMPATH\CodeIgniter.php(481): CodeIgniter\Filters\Filters->run('tipocontacto', 'before')
 3 SYSTEMPATH\CodeIgniter.php(355): CodeIgniter\CodeIgniter->handleRequest(null, Object(Config\Cache), false)
 4 SYSTEMPATH\Boot.php(312): CodeIgniter\CodeIgniter->run()
 5 SYSTEMPATH\Boot.php(67): CodeIgniter\Boot::runCodeIgniter(Object(CodeIgniter\CodeIgniter))
 6 FCPATH\index.php(56): CodeIgniter\Boot::bootWeb(Object(Config\Paths))
CRITICAL - 2024-05-04 23:20:19 --> Error: Class "App\Filters\Cors" not found
[Method: GET, Route: tipocontacto]
in SYSTEMPATH\Filters\Filters.php on line 197.
 1 SYSTEMPATH\Filters\Filters.php(184): CodeIgniter\Filters\Filters->runBefore([...])
 2 SYSTEMPATH\CodeIgniter.php(481): CodeIgniter\Filters\Filters->run('tipocontacto', 'before')
 3 SYSTEMPATH\CodeIgniter.php(355): CodeIgniter\CodeIgniter->handleRequest(null, Object(Config\Cache), false)
 4 SYSTEMPATH\Boot.php(312): CodeIgniter\CodeIgniter->run()
 5 SYSTEMPATH\Boot.php(67): CodeIgniter\Boot::runCodeIgniter(Object(CodeIgniter\CodeIgniter))
 6 FCPATH\index.php(56): CodeIgniter\Boot::bootWeb(Object(Config\Paths))
CRITICAL - 2024-05-04 23:20:31 --> Error: Class "App\Filters\Cors" not found
[Method: GET, Route: tipocontacto/2]
in SYSTEMPATH\Filters\Filters.php on line 197.
 1 SYSTEMPATH\Filters\Filters.php(184): CodeIgniter\Filters\Filters->runBefore([...])
 2 SYSTEMPATH\CodeIgniter.php(481): CodeIgniter\Filters\Filters->run('tipocontacto/2', 'before')
 3 SYSTEMPATH\CodeIgniter.php(355): CodeIgniter\CodeIgniter->handleRequest(null, Object(Config\Cache), false)
 4 SYSTEMPATH\Boot.php(312): CodeIgniter\CodeIgniter->run()
 5 SYSTEMPATH\Boot.php(67): CodeIgniter\Boot::runCodeIgniter(Object(CodeIgniter\CodeIgniter))
 6 FCPATH\index.php(56): CodeIgniter\Boot::bootWeb(Object(Config\Paths))
CRITICAL - 2024-05-04 23:22:55 --> ErrorException: Undefined variable $descripcion
[Method: POST, Route: tipocontacto]
in APPPATH\Controllers\C_TipoContacto.php on line 47.
 1 APPPATH\Controllers\C_TipoContacto.php(47): CodeIgniter\Debug\Exceptions->errorHandler(2, 'Undefined variable $descripcion', 'C:\\xampp\\htdocs\\gym-backend\\app\\Controllers\\C_TipoContacto.php', 47)
 2 SYSTEMPATH\CodeIgniter.php(933): App\Controllers\C_TipoContacto->create()
 3 SYSTEMPATH\CodeIgniter.php(509): CodeIgniter\CodeIgniter->runController(Object(App\Controllers\C_TipoContacto))
 4 SYSTEMPATH\CodeIgniter.php(355): CodeIgniter\CodeIgniter->handleRequest(null, Object(Config\Cache), false)
 5 SYSTEMPATH\Boot.php(312): CodeIgniter\CodeIgniter->run()
 6 SYSTEMPATH\Boot.php(67): CodeIgniter\Boot::runCodeIgniter(Object(CodeIgniter\CodeIgniter))
 7 FCPATH\index.php(56): CodeIgniter\Boot::bootWeb(Object(Config\Paths))
CRITICAL - 2024-05-04 23:23:13 --> ErrorException: Undefined variable $descripcion
[Method: POST, Route: tipocontacto]
in APPPATH\Controllers\C_TipoContacto.php on line 47.
 1 APPPATH\Controllers\C_TipoContacto.php(47): CodeIgniter\Debug\Exceptions->errorHandler(2, 'Undefined variable $descripcion', 'C:\\xampp\\htdocs\\gym-backend\\app\\Controllers\\C_TipoContacto.php', 47)
 2 SYSTEMPATH\CodeIgniter.php(933): App\Controllers\C_TipoContacto->create()
 3 SYSTEMPATH\CodeIgniter.php(509): CodeIgniter\CodeIgniter->runController(Object(App\Controllers\C_TipoContacto))
 4 SYSTEMPATH\CodeIgniter.php(355): CodeIgniter\CodeIgniter->handleRequest(null, Object(Config\Cache), false)
 5 SYSTEMPATH\Boot.php(312): CodeIgniter\CodeIgniter->run()
 6 SYSTEMPATH\Boot.php(67): CodeIgniter\Boot::runCodeIgniter(Object(CodeIgniter\CodeIgniter))
 7 FCPATH\index.php(56): CodeIgniter\Boot::bootWeb(Object(Config\Paths))
CRITICAL - 2024-05-04 23:23:16 --> ErrorException: Undefined variable $descripcion
[Method: POST, Route: tipocontacto]
in APPPATH\Controllers\C_TipoContacto.php on line 47.
 1 APPPATH\Controllers\C_TipoContacto.php(47): CodeIgniter\Debug\Exceptions->errorHandler(2, 'Undefined variable $descripcion', 'C:\\xampp\\htdocs\\gym-backend\\app\\Controllers\\C_TipoContacto.php', 47)
 2 SYSTEMPATH\CodeIgniter.php(933): App\Controllers\C_TipoContacto->create()
 3 SYSTEMPATH\CodeIgniter.php(509): CodeIgniter\CodeIgniter->runController(Object(App\Controllers\C_TipoContacto))
 4 SYSTEMPATH\CodeIgniter.php(355): CodeIgniter\CodeIgniter->handleRequest(null, Object(Config\Cache), false)
 5 SYSTEMPATH\Boot.php(312): CodeIgniter\CodeIgniter->run()
 6 SYSTEMPATH\Boot.php(67): CodeIgniter\Boot::runCodeIgniter(Object(CodeIgniter\CodeIgniter))
 7 FCPATH\index.php(56): CodeIgniter\Boot::bootWeb(Object(Config\Paths))
CRITICAL - 2024-05-04 23:36:17 --> ErrorException: Undefined variable $descripcion
[Method: POST, Route: tipocontacto]
in APPPATH\Controllers\C_TipoContacto.php on line 47.
 1 APPPATH\Controllers\C_TipoContacto.php(47): CodeIgniter\Debug\Exceptions->errorHandler(2, 'Undefined variable $descripcion', 'C:\\xampp\\htdocs\\gym-backend\\app\\Controllers\\C_TipoContacto.php', 47)
 2 SYSTEMPATH\CodeIgniter.php(933): App\Controllers\C_TipoContacto->create()
 3 SYSTEMPATH\CodeIgniter.php(509): CodeIgniter\CodeIgniter->runController(Object(App\Controllers\C_TipoContacto))
 4 SYSTEMPATH\CodeIgniter.php(355): CodeIgniter\CodeIgniter->handleRequest(null, Object(Config\Cache), false)
 5 SYSTEMPATH\Boot.php(312): CodeIgniter\CodeIgniter->run()
 6 SYSTEMPATH\Boot.php(67): CodeIgniter\Boot::runCodeIgniter(Object(CodeIgniter\CodeIgniter))
 7 FCPATH\index.php(56): CodeIgniter\Boot::bootWeb(Object(Config\Paths))
CRITICAL - 2024-05-04 23:39:53 --> ErrorException: Undefined variable $descripcion
[Method: POST, Route: tipocontacto]
in APPPATH\Controllers\C_TipoContacto.php on line 47.
 1 APPPATH\Controllers\C_TipoContacto.php(47): CodeIgniter\Debug\Exceptions->errorHandler(2, 'Undefined variable $descripcion', 'C:\\xampp\\htdocs\\gym-backend\\app\\Controllers\\C_TipoContacto.php', 47)
 2 SYSTEMPATH\CodeIgniter.php(933): App\Controllers\C_TipoContacto->create()
 3 SYSTEMPATH\CodeIgniter.php(509): CodeIgniter\CodeIgniter->runController(Object(App\Controllers\C_TipoContacto))
 4 SYSTEMPATH\CodeIgniter.php(355): CodeIgniter\CodeIgniter->handleRequest(null, Object(Config\Cache), false)
 5 SYSTEMPATH\Boot.php(312): CodeIgniter\CodeIgniter->run()
 6 SYSTEMPATH\Boot.php(67): CodeIgniter\Boot::runCodeIgniter(Object(CodeIgniter\CodeIgniter))
 7 FCPATH\index.php(56): CodeIgniter\Boot::bootWeb(Object(Config\Paths))
CRITICAL - 2024-05-04 23:40:22 --> ErrorException: Undefined variable $descripcion
[Method: POST, Route: tipocontacto]
in APPPATH\Controllers\C_TipoContacto.php on line 47.
 1 APPPATH\Controllers\C_TipoContacto.php(47): CodeIgniter\Debug\Exceptions->errorHandler(2, 'Undefined variable $descripcion', 'C:\\xampp\\htdocs\\gym-backend\\app\\Controllers\\C_TipoContacto.php', 47)
 2 SYSTEMPATH\CodeIgniter.php(933): App\Controllers\C_TipoContacto->create()
 3 SYSTEMPATH\CodeIgniter.php(509): CodeIgniter\CodeIgniter->runController(Object(App\Controllers\C_TipoContacto))
 4 SYSTEMPATH\CodeIgniter.php(355): CodeIgniter\CodeIgniter->handleRequest(null, Object(Config\Cache), false)
 5 SYSTEMPATH\Boot.php(312): CodeIgniter\CodeIgniter->run()
 6 SYSTEMPATH\Boot.php(67): CodeIgniter\Boot::runCodeIgniter(Object(CodeIgniter\CodeIgniter))
 7 FCPATH\index.php(56): CodeIgniter\Boot::bootWeb(Object(Config\Paths))
CRITICAL - 2024-05-04 23:40:29 --> ErrorException: Undefined variable $descripcion
[Method: POST, Route: tipocontacto]
in APPPATH\Controllers\C_TipoContacto.php on line 47.
 1 APPPATH\Controllers\C_TipoContacto.php(47): CodeIgniter\Debug\Exceptions->errorHandler(2, 'Undefined variable $descripcion', 'C:\\xampp\\htdocs\\gym-backend\\app\\Controllers\\C_TipoContacto.php', 47)
 2 SYSTEMPATH\CodeIgniter.php(933): App\Controllers\C_TipoContacto->create()
 3 SYSTEMPATH\CodeIgniter.php(509): CodeIgniter\CodeIgniter->runController(Object(App\Controllers\C_TipoContacto))
 4 SYSTEMPATH\CodeIgniter.php(355): CodeIgniter\CodeIgniter->handleRequest(null, Object(Config\Cache), false)
 5 SYSTEMPATH\Boot.php(312): CodeIgniter\CodeIgniter->run()
 6 SYSTEMPATH\Boot.php(67): CodeIgniter\Boot::runCodeIgniter(Object(CodeIgniter\CodeIgniter))
 7 FCPATH\index.php(56): CodeIgniter\Boot::bootWeb(Object(Config\Paths))
CRITICAL - 2024-05-04 23:40:33 --> ErrorException: Undefined variable $descripcion
[Method: POST, Route: tipocontacto]
in APPPATH\Controllers\C_TipoContacto.php on line 47.
 1 APPPATH\Controllers\C_TipoContacto.php(47): CodeIgniter\Debug\Exceptions->errorHandler(2, 'Undefined variable $descripcion', 'C:\\xampp\\htdocs\\gym-backend\\app\\Controllers\\C_TipoContacto.php', 47)
 2 SYSTEMPATH\CodeIgniter.php(933): App\Controllers\C_TipoContacto->create()
 3 SYSTEMPATH\CodeIgniter.php(509): CodeIgniter\CodeIgniter->runController(Object(App\Controllers\C_TipoContacto))
 4 SYSTEMPATH\CodeIgniter.php(355): CodeIgniter\CodeIgniter->handleRequest(null, Object(Config\Cache), false)
 5 SYSTEMPATH\Boot.php(312): CodeIgniter\CodeIgniter->run()
 6 SYSTEMPATH\Boot.php(67): CodeIgniter\Boot::runCodeIgniter(Object(CodeIgniter\CodeIgniter))
 7 FCPATH\index.php(56): CodeIgniter\Boot::bootWeb(Object(Config\Paths))
CRITICAL - 2024-05-04 23:40:56 --> ErrorException: Undefined variable $descripcion
[Method: POST, Route: tipocontacto]
in APPPATH\Controllers\C_TipoContacto.php on line 47.
 1 APPPATH\Controllers\C_TipoContacto.php(47): CodeIgniter\Debug\Exceptions->errorHandler(2, 'Undefined variable $descripcion', 'C:\\xampp\\htdocs\\gym-backend\\app\\Controllers\\C_TipoContacto.php', 47)
 2 SYSTEMPATH\CodeIgniter.php(933): App\Controllers\C_TipoContacto->create()
 3 SYSTEMPATH\CodeIgniter.php(509): CodeIgniter\CodeIgniter->runController(Object(App\Controllers\C_TipoContacto))
 4 SYSTEMPATH\CodeIgniter.php(355): CodeIgniter\CodeIgniter->handleRequest(null, Object(Config\Cache), false)
 5 SYSTEMPATH\Boot.php(312): CodeIgniter\CodeIgniter->run()
 6 SYSTEMPATH\Boot.php(67): CodeIgniter\Boot::runCodeIgniter(Object(CodeIgniter\CodeIgniter))
 7 FCPATH\index.php(56): CodeIgniter\Boot::bootWeb(Object(Config\Paths))
CRITICAL - 2024-05-04 23:41:04 --> ErrorException: Undefined variable $descripcion
[Method: POST, Route: tipocontacto]
in APPPATH\Controllers\C_TipoContacto.php on line 47.
 1 APPPATH\Controllers\C_TipoContacto.php(47): CodeIgniter\Debug\Exceptions->errorHandler(2, 'Undefined variable $descripcion', 'C:\\xampp\\htdocs\\gym-backend\\app\\Controllers\\C_TipoContacto.php', 47)
 2 SYSTEMPATH\CodeIgniter.php(933): App\Controllers\C_TipoContacto->create()
 3 SYSTEMPATH\CodeIgniter.php(509): CodeIgniter\CodeIgniter->runController(Object(App\Controllers\C_TipoContacto))
 4 SYSTEMPATH\CodeIgniter.php(355): CodeIgniter\CodeIgniter->handleRequest(null, Object(Config\Cache), false)
 5 SYSTEMPATH\Boot.php(312): CodeIgniter\CodeIgniter->run()
 6 SYSTEMPATH\Boot.php(67): CodeIgniter\Boot::runCodeIgniter(Object(CodeIgniter\CodeIgniter))
 7 FCPATH\index.php(56): CodeIgniter\Boot::bootWeb(Object(Config\Paths))
CRITICAL - 2024-05-04 23:46:52 --> ErrorException: Undefined variable $descripcion
[Method: POST, Route: tipocontacto]
in APPPATH\Controllers\C_TipoContacto.php on line 47.
 1 APPPATH\Controllers\C_TipoContacto.php(47): CodeIgniter\Debug\Exceptions->errorHandler(2, 'Undefined variable $descripcion', 'C:\\xampp\\htdocs\\gym-backend\\app\\Controllers\\C_TipoContacto.php', 47)
 2 SYSTEMPATH\CodeIgniter.php(933): App\Controllers\C_TipoContacto->create()
 3 SYSTEMPATH\CodeIgniter.php(509): CodeIgniter\CodeIgniter->runController(Object(App\Controllers\C_TipoContacto))
 4 SYSTEMPATH\CodeIgniter.php(355): CodeIgniter\CodeIgniter->handleRequest(null, Object(Config\Cache), false)
 5 SYSTEMPATH\Boot.php(312): CodeIgniter\CodeIgniter->run()
 6 SYSTEMPATH\Boot.php(67): CodeIgniter\Boot::runCodeIgniter(Object(CodeIgniter\CodeIgniter))
 7 FCPATH\index.php(56): CodeIgniter\Boot::bootWeb(Object(Config\Paths))
CRITICAL - 2024-05-04 23:47:17 --> ErrorException: Undefined variable $descripcion
[Method: POST, Route: tipocontacto]
in APPPATH\Controllers\C_TipoContacto.php on line 47.
 1 APPPATH\Controllers\C_TipoContacto.php(47): CodeIgniter\Debug\Exceptions->errorHandler(2, 'Undefined variable $descripcion', 'C:\\xampp\\htdocs\\gym-backend\\app\\Controllers\\C_TipoContacto.php', 47)
 2 SYSTEMPATH\CodeIgniter.php(933): App\Controllers\C_TipoContacto->create()
 3 SYSTEMPATH\CodeIgniter.php(509): CodeIgniter\CodeIgniter->runController(Object(App\Controllers\C_TipoContacto))
 4 SYSTEMPATH\CodeIgniter.php(355): CodeIgniter\CodeIgniter->handleRequest(null, Object(Config\Cache), false)
 5 SYSTEMPATH\Boot.php(312): CodeIgniter\CodeIgniter->run()
 6 SYSTEMPATH\Boot.php(67): CodeIgniter\Boot::runCodeIgniter(Object(CodeIgniter\CodeIgniter))
 7 FCPATH\index.php(56): CodeIgniter\Boot::bootWeb(Object(Config\Paths))
CRITICAL - 2024-05-04 23:53:08 --> ErrorException: Undefined variable $descripcion
[Method: POST, Route: tipocontacto]
in APPPATH\Controllers\C_TipoContacto.php on line 47.
 1 APPPATH\Controllers\C_TipoContacto.php(47): CodeIgniter\Debug\Exceptions->errorHandler(2, 'Undefined variable $descripcion', 'C:\\xampp\\htdocs\\gym-backend\\app\\Controllers\\C_TipoContacto.php', 47)
 2 SYSTEMPATH\CodeIgniter.php(933): App\Controllers\C_TipoContacto->create()
 3 SYSTEMPATH\CodeIgniter.php(509): CodeIgniter\CodeIgniter->runController(Object(App\Controllers\C_TipoContacto))
 4 SYSTEMPATH\CodeIgniter.php(355): CodeIgniter\CodeIgniter->handleRequest(null, Object(Config\Cache), false)
 5 SYSTEMPATH\Boot.php(312): CodeIgniter\CodeIgniter->run()
 6 SYSTEMPATH\Boot.php(67): CodeIgniter\Boot::runCodeIgniter(Object(CodeIgniter\CodeIgniter))
 7 FCPATH\index.php(56): CodeIgniter\Boot::bootWeb(Object(Config\Paths))
